2014-10-20 12:08:35 Error: [MissingControllerException] Controller class CustomerController could not be found.
Exception Attributes: array (
  'class' => 'CustomerController',
  'plugin' => NULL,
)
Request URL: /ofood/customer
Stack Trace:
#0 C:\wamp\www\ofood\app\webroot\index.php(108): Dispatcher->dispatch(Object(CakeRequest), Object(CakeResponse))
#1 {main}
2014-10-20 12:31:58 Error: [MissingControllerException] Controller class VendorController could not be found.
Exception Attributes: array (
  'class' => 'VendorController',
  'plugin' => NULL,
)
Request URL: /ofood/vendor.json
Stack Trace:
#0 C:\wamp\www\ofood\app\webroot\index.php(108): Dispatcher->dispatch(Object(CakeRequest), Object(CakeResponse))
#1 {main}
2014-10-20 12:43:02 Error: [MissingViewException] View file "C:\wamp\www\ofood\app\View\Vendors\rss\index.ctp" is missing.
Exception Attributes: array (
  'file' => 'C:\\wamp\\www\\ofood\\app\\View\\Vendors\\rss\\index.ctp',
)
Request URL: /ofood/vendors/index.rss
Stack Trace:
#0 C:\wamp\www\ofood\lib\Cake\View\View.php(468): View->_getViewFileName(NULL)
#1 C:\wamp\www\ofood\lib\Cake\Controller\Controller.php(954): View->render(NULL, NULL)
#2 C:\wamp\www\ofood\lib\Cake\Routing\Dispatcher.php(198): Controller->render()
#3 C:\wamp\www\ofood\lib\Cake\Routing\Dispatcher.php(165): Dispatcher->_invoke(Object(VendorsController), Object(CakeRequest))
#4 C:\wamp\www\ofood\app\webroot\index.php(108): Dispatcher->dispatch(Object(CakeRequest), Object(CakeResponse))
#5 {main}
2014-10-20 12:45:59 Error: [MissingViewException] View file "C:\wamp\www\ofood\app\View\Vendors\xml\index.ctp" is missing.
Exception Attributes: array (
  'file' => 'C:\\wamp\\www\\ofood\\app\\View\\Vendors\\xml\\index.ctp',
)
Request URL: /ofood/vendors.xml
Stack Trace:
#0 C:\wamp\www\ofood\lib\Cake\View\XmlView.php(104): View->_getViewFileName(NULL)
#1 C:\wamp\www\ofood\lib\Cake\Controller\Controller.php(954): XmlView->render(NULL, NULL)
#2 C:\wamp\www\ofood\lib\Cake\Routing\Dispatcher.php(198): Controller->render()
#3 C:\wamp\www\ofood\lib\Cake\Routing\Dispatcher.php(165): Dispatcher->_invoke(Object(VendorsController), Object(CakeRequest))
#4 C:\wamp\www\ofood\app\webroot\index.php(108): Dispatcher->dispatch(Object(CakeRequest), Object(CakeResponse))
#5 {main}
2014-10-20 12:46:14 Error: [MissingViewException] View file "C:\wamp\www\ofood\app\View\Vendors\xml\index.ctp" is missing.
Exception Attributes: array (
  'file' => 'C:\\wamp\\www\\ofood\\app\\View\\Vendors\\xml\\index.ctp',
)
Request URL: /ofood/vendors.xml
Stack Trace:
#0 C:\wamp\www\ofood\lib\Cake\View\XmlView.php(104): View->_getViewFileName(NULL)
#1 C:\wamp\www\ofood\lib\Cake\Controller\Controller.php(954): XmlView->render(NULL, NULL)
#2 C:\wamp\www\ofood\lib\Cake\Routing\Dispatcher.php(198): Controller->render()
#3 C:\wamp\www\ofood\lib\Cake\Routing\Dispatcher.php(165): Dispatcher->_invoke(Object(VendorsController), Object(CakeRequest))
#4 C:\wamp\www\ofood\app\webroot\index.php(108): Dispatcher->dispatch(Object(CakeRequest), Object(CakeResponse))
#5 {main}
2014-10-20 12:54:16 Error: [MissingViewException] View file "C:\wamp\www\ofood\app\View\Vendors\xml\index.ctp" is missing.
Exception Attributes: array (
  'file' => 'C:\\wamp\\www\\ofood\\app\\View\\Vendors\\xml\\index.ctp',
)
Request URL: /ofood/vendors.xml
Stack Trace:
#0 C:\wamp\www\ofood\lib\Cake\View\XmlView.php(104): View->_getViewFileName(NULL)
#1 C:\wamp\www\ofood\lib\Cake\Controller\Controller.php(954): XmlView->render(NULL, NULL)
#2 C:\wamp\www\ofood\lib\Cake\Routing\Dispatcher.php(198): Controller->render()
#3 C:\wamp\www\ofood\lib\Cake\Routing\Dispatcher.php(165): Dispatcher->_invoke(Object(VendorsController), Object(CakeRequest))
#4 C:\wamp\www\ofood\app\webroot\index.php(108): Dispatcher->dispatch(Object(CakeRequest), Object(CakeResponse))
#5 {main}
2014-10-20 14:36:21 Error: [MissingControllerException] Controller class MealMenuController could not be found.
Exception Attributes: array (
  'class' => 'MealMenuController',
  'plugin' => NULL,
)
Request URL: /ofood/api/MealMenu.json
Stack Trace:
#0 C:\wamp\www\ofood\app\webroot\index.php(108): Dispatcher->dispatch(Object(CakeRequest), Object(CakeResponse))
#1 {main}
2014-10-20 17:34:36 Error: [MissingControllerException] Controller class Customers.xmlController could not be found.
Exception Attributes: array (
  'class' => 'Customers.xmlController',
  'plugin' => NULL,
)
Request URL: /ofood/api/customers.xml
Stack Trace:
#0 C:\wamp\www\ofood\app\webroot\index.php(108): Dispatcher->dispatch(Object(CakeRequest), Object(CakeResponse))
#1 {main}
2014-10-31 15:11:57 Error: [MissingViewException] View file "C:\wamp\www\ofood\app\View\Vendors\json\index.ctp" is missing.
Exception Attributes: array (
  'file' => 'C:\\wamp\\www\\ofood\\app\\View\\Vendors\\json\\index.ctp',
)
Request URL: /ofood/vendors.json
Stack Trace:
#0 C:\wamp\www\ofood\lib\Cake\View\JsonView.php(107): View->_getViewFileName(NULL)
#1 C:\wamp\www\ofood\lib\Cake\Controller\Controller.php(954): JsonView->render(NULL, NULL)
#2 C:\wamp\www\ofood\lib\Cake\Routing\Dispatcher.php(198): Controller->render()
#3 C:\wamp\www\ofood\lib\Cake\Routing\Dispatcher.php(165): Dispatcher->_invoke(Object(VendorsController), Object(CakeRequest))
#4 C:\wamp\www\ofood\app\webroot\index.php(108): Dispatcher->dispatch(Object(CakeRequest), Object(CakeResponse))
#5 {main}
2014-10-31 15:12:19 Error: [MissingViewException] View file "C:\wamp\www\ofood\app\View\Vendors\json\view.ctp" is missing.
Exception Attributes: array (
  'file' => 'C:\\wamp\\www\\ofood\\app\\View\\Vendors\\json\\view.ctp',
)
Request URL: /ofood/vendors/1.json
Stack Trace:
#0 C:\wamp\www\ofood\lib\Cake\View\JsonView.php(107): View->_getViewFileName(NULL)
#1 C:\wamp\www\ofood\lib\Cake\Controller\Controller.php(954): JsonView->render(NULL, NULL)
#2 C:\wamp\www\ofood\lib\Cake\Routing\Dispatcher.php(198): Controller->render()
#3 C:\wamp\www\ofood\lib\Cake\Routing\Dispatcher.php(165): Dispatcher->_invoke(Object(VendorsController), Object(CakeRequest))
#4 C:\wamp\www\ofood\app\webroot\index.php(108): Dispatcher->dispatch(Object(CakeRequest), Object(CakeResponse))
#5 {main}
2014-10-31 15:12:29 Error: [MissingActionException] Action VendorsController::api_1() could not be found.
Exception Attributes: array (
  'controller' => 'VendorsController',
  'action' => 'api_1',
)
Request URL: /ofood/api/vendors/1.json
Stack Trace:
#0 C:\wamp\www\ofood\lib\Cake\Routing\Dispatcher.php(191): Controller->invokeAction(Object(CakeRequest))
#1 C:\wamp\www\ofood\lib\Cake\Routing\Dispatcher.php(165): Dispatcher->_invoke(Object(VendorsController), Object(CakeRequest))
#2 C:\wamp\www\ofood\app\webroot\index.php(108): Dispatcher->dispatch(Object(CakeRequest), Object(CakeResponse))
#3 {main}
2014-10-31 12:34:47 Error: [MissingConnectionException] Database connection "Mysql" is missing, or could not be created.
Exception Attributes: array (
  'class' => 'Mysql',
  'message' => 'SQLSTATE[28000] [1045] Access denied for user \'root\'@\'localhost\' (using password: NO)',
  'enabled' => true,
)
Request URL: /office/ofood/vendors/
Stack Trace:
#0 /home/uneekart/public_html/office/ofood/lib/Cake/Model/Datasource/DboSource.php(260): Mysql->connect()
#1 /home/uneekart/public_html/office/ofood/lib/Cake/Model/ConnectionManager.php(105): DboSource->__construct(Array)
#2 /home/uneekart/public_html/office/ofood/lib/Cake/Model/Model.php(3524): ConnectionManager::getDataSource('default')
#3 /home/uneekart/public_html/office/ofood/lib/Cake/Model/Model.php(1136): Model->setDataSource('default')
#4 /home/uneekart/public_html/office/ofood/lib/Cake/Model/Model.php(3551): Model->setSource('vendors')
#5 /home/uneekart/public_html/office/ofood/lib/Cake/Model/Model.php(2947): Model->getDataSource()
#6 /home/uneekart/public_html/office/ofood/lib/Cake/Model/Model.php(2919): Model->_readDataSource('all', Array)
#7 /home/uneekart/public_html/office/ofood/lib/Cake/Controller/Component/PaginatorComponent.php(196): Model->find('all', Array)
#8 /home/uneekart/public_html/office/ofood/app/Controller/VendorsController.php(48): PaginatorComponent->paginate()
#9 [internal function]: VendorsController->index()
#10 /home/uneekart/public_html/office/ofood/lib/Cake/Controller/Controller.php(490): ReflectionMethod->invokeArgs(Object(VendorsController), Array)
#11 /home/uneekart/public_html/office/ofood/lib/Cake/Routing/Dispatcher.php(191): Controller->invokeAction(Object(CakeRequest))
#12 /home/uneekart/public_html/office/ofood/lib/Cake/Routing/Dispatcher.php(165): Dispatcher->_invoke(Object(VendorsController), Object(CakeRequest))
#13 /home/uneekart/public_html/office/ofood/app/webroot/index.php(108): Dispatcher->dispatch(Object(CakeRequest), Object(CakeResponse))
#14 {main}
2014-10-31 12:44:34 Error: [MissingControllerException] Controller class VenodorsController could not be found.
Exception Attributes: array (
  'class' => 'VenodorsController',
  'plugin' => NULL,
)
Request URL: /office/ofood/api/venodors
Stack Trace:
#0 /home/uneekart/public_html/office/ofood/app/webroot/index.php(108): Dispatcher->dispatch(Object(CakeRequest), Object(CakeResponse))
#1 {main}
2014-10-31 12:44:39 Error: [MissingViewException] View file "/home/uneekart/public_html/office/ofood/app/View/Vendors/api_index.ctp" is missing.
Exception Attributes: array (
  'file' => '/home/uneekart/public_html/office/ofood/app/View/Vendors/api_index.ctp',
)
Request URL: /office/ofood/api/vendors
Stack Trace:
#0 /home/uneekart/public_html/office/ofood/lib/Cake/View/View.php(468): View->_getViewFileName(NULL)
#1 /home/uneekart/public_html/office/ofood/lib/Cake/Controller/Controller.php(954): View->render(NULL, NULL)
#2 /home/uneekart/public_html/office/ofood/lib/Cake/Routing/Dispatcher.php(198): Controller->render()
#3 /home/uneekart/public_html/office/ofood/lib/Cake/Routing/Dispatcher.php(165): Dispatcher->_invoke(Object(VendorsController), Object(CakeRequest))
#4 /home/uneekart/public_html/office/ofood/app/webroot/index.php(108): Dispatcher->dispatch(Object(CakeRequest), Object(CakeResponse))
#5 {main}
2014-11-01 04:30:00 Error: [MissingControllerException] Controller class ApiController could not be found.
Exception Attributes: array (
  'class' => 'ApiController',
  'plugin' => NULL,
)
Request URL: /office/ofood/api/
Stack Trace:
#0 /home/uneekart/public_html/office/ofood/app/webroot/index.php(108): Dispatcher->dispatch(Object(CakeRequest), Object(CakeResponse))
#1 {main}
2014-11-01 05:50:15 Error: [MissingTableException] Table vendors for model Vendor was not found in datasource default.
Exception Attributes: array (
  'table' => 'vendors',
  'class' => 'Vendor',
  'ds' => 'default',
)
Request URL: /office/oride/vendors
Stack Trace:
#0 /home/uneekart/public_html/office/cakelib/lib/Cake/Model/Model.php(3551): Model->setSource('vendors')
#1 /home/uneekart/public_html/office/cakelib/lib/Cake/Model/Model.php(2947): Model->getDataSource()
#2 /home/uneekart/public_html/office/cakelib/lib/Cake/Model/Model.php(2919): Model->_readDataSource('all', Array)
#3 /home/uneekart/public_html/office/cakelib/lib/Cake/Controller/Component/PaginatorComponent.php(196): Model->find('all', Array)
#4 /home/uneekart/public_html/office/oride/Controller/VendorsController.php(48): PaginatorComponent->paginate()
#5 [internal function]: VendorsController->index()
#6 /home/uneekart/public_html/office/cakelib/lib/Cake/Controller/Controller.php(490): ReflectionMethod->invokeArgs(Object(VendorsController), Array)
#7 /home/uneekart/public_html/office/cakelib/lib/Cake/Routing/Dispatcher.php(191): Controller->invokeAction(Object(CakeRequest))
#8 /home/uneekart/public_html/office/cakelib/lib/Cake/Routing/Dispatcher.php(165): Dispatcher->_invoke(Object(VendorsController), Object(CakeRequest))
#9 /home/uneekart/public_html/office/oride/webroot/index.php(109): Dispatcher->dispatch(Object(CakeRequest), Object(CakeResponse))
#10 {main}
